#
# There is insufficient memory for the Java Runtime Environment to continue.
# Native memory allocation (malloc) failed to allocate 1048576 bytes for AllocateHeap
# Possible reasons:
#   The system is out of physical RAM or swap space
#   The process is running with CompressedOops enabled, and the Java Heap may be blocking the growth of the native heap
# Possible solutions:
#   Reduce memory load on the system
#   Increase physical memory or swap space
#   Check if swap backing store is full
#   Decrease Java heap size (-Xmx/-Xms)
#   Decrease number of Java threads
#   Decrease Java thread stack sizes (-Xss)
#   Set larger code cache with -XX:ReservedCodeCacheSize=
#   JVM is running with Unscaled Compressed Oops mode in which the Java heap is
#     placed in the first 4GB address space. The Java Heap base address is the
#     maximum limit for the native heap growth. Please use -XX:HeapBaseMinAddress
#     to set the Java Heap base and to place the Java Heap above 4GB virtual address.
# This output file may be truncated or incomplete.
#
#  Out of Memory Error (memory/allocation.inline.hpp:61), pid=4684, tid=0x000000000000228c
#
# JRE version:  (8.0_201-b09) (build )
# Java VM: Java HotSpot(TM) 64-Bit Server VM (25.201-b09 mixed mode windows-amd64 compressed oops)
# Failed to write core dump. Minidumps are not enabled by default on client versions of Windows
#

---------------  T H R E A D  ---------------

Current thread (0x000000000234e000):  JavaThread "Unknown thread" [_thread_in_vm, id=8844, stack(0x00000000023a0000,0x00000000024a0000)]

Stack: [0x00000000023a0000,0x00000000024a0000]
[error occurred during error reporting (printing stack bounds), id 0xc0000005]

Native frames: (J=compiled Java code, j=interpreted, Vv=VM code, C=native code)


---------------  P R O C E S S  ---------------

Java Threads: ( => current thread )

Other Threads:

=>0x000000000234e000 (exited) JavaThread "Unknown thread" [_thread_in_vm, id=8844, stack(0x00000000023a0000,0x00000000024a0000)]

VM state:not at safepoint (normal execution)

VM Mutex/Monitor currently owned by a thread: None

heap address: 0x00000000c3000000, size: 976 MB, Compressed Oops mode: 32-bit
Narrow klass base: 0x0000000000000000, Narrow klass shift: 3
Compressed class space size: 1073741824 Address: 0x0000000100000000

Heap:
 PSYoungGen      total 18432K, used 317K [0x00000000ebb00000, 0x00000000ecf80000, 0x0000000100000000)
  eden space 15872K, 2% used [0x00000000ebb00000,0x00000000ebb4f5d0,0x00000000eca80000)
  from space 2560K, 0% used [0x00000000ecd00000,0x00000000ecd00000,0x00000000ecf80000)
  to   space 2560K, 0% used [0x00000000eca80000,0x00000000eca80000,0x00000000ecd00000)
 ParOldGen       total 42496K, used 0K [0x00000000c3000000, 0x00000000c5980000, 0x00000000ebb00000)
  object space 42496K, 0% used [0x00000000c3000000,0x00000000c3000000,0x00000000c5980000)
 Metaspace       used 751K, capacity 4480K, committed 4480K, reserved 1056768K
  class space    used 76K, capacity 384K, committed 384K, reserved 1048576K

Card table byte_map: [0x0000000011960000,0x0000000011b50000] byte_map_base: 0x0000000011348000

Marking Bits: (ParMarkBitMap*) 0x000000005e354ce0
 Begin Bits: [0x00000000124a0000, 0x00000000133e0000)
 End Bits:   [0x00000000133e0000, 0x0000000014320000)

Polling page: 0x0000000000b10000

CodeCache: size=245760Kb used=328Kb max_used=328Kb free=245431Kb
 bounds [0x00000000025a0000, 0x0000000002810000, 0x00000000115a0000]
 total_blobs=58 nmethods=0 adapters=38
 compilation: enabled

Compilation events (0 events):
No events

GC Heap History (0 events):
No events

Deoptimization events (0 events):
No events

Classes redefined (0 events):
No events

Internal exceptions (0 events):
No events

Events (10 events):
Event: 0.027 loading class java/lang/Short
Event: 0.027 loading class java/lang/Short done
Event: 0.027 loading class java/lang/Integer
Event: 0.028 loading class java/lang/Integer done
Event: 0.028 loading class java/lang/Long
Event: 0.028 loading class java/lang/Long done
Event: 0.028 loading class java/lang/NullPointerException
Event: 0.028 loading class java/lang/NullPointerException done
Event: 0.028 loading class java/lang/ArithmeticException
Event: 0.028 loading class java/lang/ArithmeticException done


Dynamic libraries:
0x00007ff6fbed0000 - 0x00007ff6fbf07000 	C:\Program Files\Java\jre1.8.0_201\bin\javaw.exe
0x00007ffeeaf30000 - 0x00007ffeeb128000 	C:\WINDOWS\SYSTEM32\ntdll.dll
0x00007ffeea350000 - 0x00007ffeea40f000 	C:\WINDOWS\System32\KERNEL32.DLL
0x00007ffee8b90000 - 0x00007ffee8e62000 	C:\WINDOWS\System32\KERNELBASE.dll
0x00007ffeeac30000 - 0x00007ffeeacde000 	C:\WINDOWS\System32\ADVAPI32.dll
0x00007ffee93b0000 - 0x00007ffee944e000 	C:\WINDOWS\System32\msvcrt.dll
0x00007ffeea700000 - 0x00007ffeea79c000 	C:\WINDOWS\System32\sechost.dll
0x00007ffeea950000 - 0x00007ffeeaa75000 	C:\WINDOWS\System32\RPCRT4.dll
0x00007ffeead40000 - 0x00007ffeeaee1000 	C:\WINDOWS\System32\USER32.dll
0x00007ffee8aa0000 - 0x00007ffee8ac2000 	C:\WINDOWS\System32\win32u.dll
0x00007ffeeaaf0000 - 0x00007ffeeab1b000 	C:\WINDOWS\System32\GDI32.dll
0x00007ffee8e70000 - 0x00007ffee8f7f000 	C:\WINDOWS\System32\gdi32full.dll
0x00007ffee8840000 - 0x00007ffee88dd000 	C:\WINDOWS\System32\msvcp_win.dll
0x00007ffee8950000 - 0x00007ffee8a50000 	C:\WINDOWS\System32\ucrtbase.dll
0x00007ffec9370000 - 0x00007ffec960a000 	C:\WINDOWS\WinSxS\amd64_microsoft.windows.common-controls_6595b64144ccf1df_6.0.19041.1110_none_60b5254171f9507e\COMCTL32.dll
0x00007ffeea230000 - 0x00007ffeea260000 	C:\WINDOWS\System32\IMM32.DLL
0x000000005da50000 - 0x000000005db21000 	C:\Program Files\Java\jre1.8.0_201\bin\msvcr100.dll
0x000000005db30000 - 0x000000005e3d4000 	C:\Program Files\Java\jre1.8.0_201\bin\server\jvm.dll
0x00007ffeea6f0000 - 0x00007ffeea6f8000 	C:\WINDOWS\System32\PSAPI.DLL
0x00007ffecc2b0000 - 0x00007ffecc2d7000 	C:\WINDOWS\SYSTEM32\WINMM.dll
0x00007ffee5920000 - 0x00007ffee5929000 	C:\WINDOWS\SYSTEM32\WSOCK32.dll
0x00007ffee26d0000 - 0x00007ffee26da000 	C:\WINDOWS\SYSTEM32\VERSION.dll
0x00007ffeeaa80000 - 0x00007ffeeaaeb000 	C:\WINDOWS\System32\WS2_32.dll
0x00007ffee2e00000 - 0x00007ffee2e0f000 	C:\Program Files\Java\jre1.8.0_201\bin\verify.dll
0x00007ffec8130000 - 0x00007ffec8159000 	C:\Program Files\Java\jre1.8.0_201\bin\java.dll
0x00007ffec8180000 - 0x00007ffec8196000 	C:\Program Files\Java\jre1.8.0_201\bin\zip.dll

VM Arguments:
jvm_args: -Dfile.encoding=UTF-8 
java_command: StarPattern.Star1
java_class_path (initial): C:\Users\HP\Projects\Java projects\JavaPatternProgram\bin
Launcher Type: SUN_STANDARD

Environment Variables:
JAVA_HOME=C:\Program Files\Java\jdk-18.0.2
PATH=C:/Program Files/Java/jre1.8.0_201/bin/server;C:/Program Files/Java/jre1.8.0_201/bin;C:/Program Files/Java/jre1.8.0_201/lib/amd64;C:\Program Files (x86)\Common Files\Oracle\Java\javapath;G:\oracle\product\10.2.0\db_1\bin;C:\Program Files\Java\jdk-18.0.2;C:\WINDOWS\system32;C:\WINDOWS;C:\WINDOWS\System32\Wbem;C:\WINDOWS\System32\WindowsPowerShell\v1.0\;C:\WINDOWS\System32\OpenSSH\;C:\MinGW\;C:\Program Files\Java\jdk-18.0.2\bin;C:\Program Files\nodejs\;C:\Program Files\dotnet\;C:\Program Files\Java\jdk1.8.0_201\bin;C:\Users\HP\AppData\Local\Microsoft\WindowsApps;C:\Users\HP\Desktop\mingw32\bin;C:\MinGW\bin;C:\Program Files\Java\jdk-18.0.2\bin;C:\MinGW\bin;C:\Users\HP\AppData\Roaming\npm;D:\ProgramFilesDrive\Microsoft VS Code\bin;C:\Users\HP\Downloads\JAVA InstallEclips\eclipse-jee-2019-03-R-win32-x86_64\eclipse;
USERNAME=HP
OS=Windows_NT
PROCESSOR_IDENTIFIER=Intel64 Family 6 Model 142 Stepping 12, GenuineIntel



---------------  S Y S T E M  ---------------

OS: Windows 10.0 , 64 bit Build 19041 (10.0.19041.2546)

CPU:total 8 (initial active 8) (4 cores per cpu, 2 threads per core) family 6 model 142 stepping 12, cmov, cx8, fxsr, mmx, sse, sse2, sse3, ssse3, sse4.1, sse4.2, popcnt, avx, avx2, aes, clmul, erms, 3dnowpref, lzcnt, ht, tsc, tscinvbit, bmi1, bmi2, adx

Memory: 4k page, physical 3993588k(445160k free), swap 6090740k(5340k free)

vm_info: Java HotSpot(TM) 64-Bit Server VM (25.201-b09) for windows-amd64 JRE (1.8.0_201-b09), built on Dec 15 2018 18:36:39 by "java_re" with MS VC++ 10.0 (VS2010)

time: Wed Mar 08 00:12:45 2023
timezone: India Standard Time
elapsed time: 0 seconds (0d 0h 0m 0s)

