#
# There is insufficient memory for the Java Runtime Environment to continue.
# Native memory allocation (mmap) failed to map 65536 bytes for Failed to commit metaspace.
# Possible reasons:
#   The system is out of physical RAM or swap space
#   The process is running with CompressedOops enabled, and the Java Heap may be blocking the growth of the native heap
# Possible solutions:
#   Reduce memory load on the system
#   Increase physical memory or swap space
#   Check if swap backing store is full
#   Decrease Java heap size (-Xmx/-Xms)
#   Decrease number of Java threads
#   Decrease Java thread stack sizes (-Xss)
#   Set larger code cache with -XX:ReservedCodeCacheSize=
#   JVM is running with Unscaled Compressed Oops mode in which the Java heap is
#     placed in the first 4GB address space. The Java Heap base address is the
#     maximum limit for the native heap growth. Please use -XX:HeapBaseMinAddress
#     to set the Java Heap base and to place the Java Heap above 4GB virtual address.
# This output file may be truncated or incomplete.
#
#  Out of Memory Error (virtualSpaceNode.cpp:110), pid=11012, tid=16944
#
# JRE version: Java(TM) SE Runtime Environment (18.0.2+9) (build 18.0.2+9-61)
# Java VM: Java HotSpot(TM) 64-Bit Server VM (18.0.2+9-61, mixed mode, tiered, compressed oops, compressed class ptrs, g1 gc, windows-amd64)
# No core dump will be written. Minidumps are not enabled by default on client versions of Windows
#

---------------  S U M M A R Y ------------

Command Line: -Dfile.encoding=UTF-8 -XX:+ShowCodeDetailsInExceptionMessages NumberPattern.Num2

Host: Intel(R) Core(TM) i5-10210U CPU @ 1.60GHz, 8 cores, 3G,  Windows 10 , 64 bit Build 19041 (10.0.19041.2546)
Time: Tue Feb 28 18:15:30 2023 India Standard Time elapsed time: 0.228284 seconds (0d 0h 0m 0s)

---------------  T H R E A D  ---------------

Current thread (0x00000189faa3f020):  JavaThread "main" [_thread_in_vm, id=16944, stack(0x0000003854600000,0x0000003854700000)]

Stack: [0x0000003854600000,0x0000003854700000]
Native frames: (J=compiled Java code, j=interpreted, Vv=VM code, C=native code)
V  [jvm.dll+0x6993ca]
V  [jvm.dll+0x7f481d]
V  [jvm.dll+0x7f612e]
V  [jvm.dll+0x7f67e3]
V  [jvm.dll+0x25cdaf]
V  [jvm.dll+0x7f052b]
V  [jvm.dll+0x63f546]
V  [jvm.dll+0x63f5aa]
V  [jvm.dll+0x641e2e]
V  [jvm.dll+0x641cee]
V  [jvm.dll+0x63ff0e]
V  [jvm.dll+0x252940]
V  [jvm.dll+0x20318d]
V  [jvm.dll+0x1f8bb1]
V  [jvm.dll+0x55dc05]
V  [jvm.dll+0x209a67]
V  [jvm.dll+0x76dddd]
V  [jvm.dll+0x76f116]
V  [jvm.dll+0x76f448]
V  [jvm.dll+0x2551d6]
V  [jvm.dll+0x25541f]
V  [jvm.dll+0x57c603]
V  [jvm.dll+0x57ea44]
V  [jvm.dll+0x3a496e]
V  [jvm.dll+0x3a4432]
C  0x0000018987888a68

Java frames: (J=compiled Java code, j=interpreted, Vv=VM code)
j  java.lang.invoke.DirectMethodHandle.<clinit>()V+22 java.base@18.0.2
v  ~StubRoutines::call_stub
j  java.lang.invoke.MethodHandles$Lookup.getDirectMethodCommon(BLjava/lang/Class;Ljava/lang/invoke/MemberName;ZZLjava/lang/invoke/MethodHandles$Lookup;)Ljava/lang/invoke/MethodHandle;+210 java.base@18.0.2
j  java.lang.invoke.MethodHandles$Lookup.getDirectMethodNoSecurityManager(BLjava/lang/Class;Ljava/lang/invoke/MemberName;Ljava/lang/invoke/MethodHandles$Lookup;)Ljava/lang/invoke/MethodHandle;+14 java.base@18.0.2
j  java.lang.invoke.MethodHandles$Lookup.getDirectMethodForConstant(BLjava/lang/Class;Ljava/lang/invoke/MemberName;)Ljava/lang/invoke/MethodHandle;+31 java.base@18.0.2
j  java.lang.invoke.MethodHandles$Lookup.linkMethodHandleConstant(BLjava/lang/Class;Ljava/lang/String;Ljava/lang/Object;)Ljava/lang/invoke/MethodHandle;+153 java.base@18.0.2
j  java.lang.invoke.MethodHandleNatives.linkMethodHandleConstant(Ljava/lang/Class;ILjava/lang/Class;Ljava/lang/String;Ljava/lang/Object;)Ljava/lang/invoke/MethodHandle;+38 java.base@18.0.2
v  ~StubRoutines::call_stub
j  java.util.regex.CharPredicates.forProperty(Ljava/lang/String;Z)Ljava/util/regex/Pattern$CharPredicate;+2693 java.base@18.0.2
j  java.util.regex.Pattern.family(ZZ)Ljava/util/regex/Pattern$CharPredicate;+605 java.base@18.0.2
j  java.util.regex.Pattern.sequence(Ljava/util/regex/Pattern$Node;)Ljava/util/regex/Pattern$Node;+329 java.base@18.0.2
j  java.util.regex.Pattern.expr(Ljava/util/regex/Pattern$Node;)Ljava/util/regex/Pattern$Node;+12 java.base@18.0.2
j  java.util.regex.Pattern.compile()V+222 java.base@18.0.2
j  java.util.regex.Pattern.<init>(Ljava/lang/String;I)V+108 java.base@18.0.2
j  java.util.regex.Pattern.compile(Ljava/lang/String;)Ljava/util/regex/Pattern;+6 java.base@18.0.2
j  java.util.Scanner.<clinit>()V+19 java.base@18.0.2
v  ~StubRoutines::call_stub
j  NumberPattern.Num2.main([Ljava/lang/String;)V+0
v  ~StubRoutines::call_stub

---------------  P R O C E S S  ---------------

Threads class SMR info:
_java_thread_list=0x00000189989ea050, length=12, elements={
0x00000189faa3f020, 0x00000189989e2290, 0x00000189989e3910, 0x0000018998a18300,
0x0000018998a19bc0, 0x0000018998a1ae40, 0x0000018998a1c0c0, 0x0000018998a21310,
0x0000018998a22d00, 0x0000018998a2e660, 0x000001899cd40b10, 0x000001899cd40fe0
}

Java Threads: ( => current thread )
=>0x00000189faa3f020 JavaThread "main" [_thread_in_vm, id=16944, stack(0x0000003854600000,0x0000003854700000)]
  0x00000189989e2290 JavaThread "Reference Handler" daemon [_thread_blocked, id=16448, stack(0x0000003854d00000,0x0000003854e00000)]
  0x00000189989e3910 JavaThread "Finalizer" daemon [_thread_blocked, id=3620, stack(0x0000003854e00000,0x0000003854f00000)]
  0x0000018998a18300 JavaThread "Signal Dispatcher" daemon [_thread_blocked, id=16020, stack(0x0000003854f00000,0x0000003855000000)]
  0x0000018998a19bc0 JavaThread "Attach Listener" daemon [_thread_blocked, id=7788, stack(0x0000003855000000,0x0000003855100000)]
  0x0000018998a1ae40 JavaThread "Service Thread" daemon [_thread_blocked, id=13988, stack(0x0000003855100000,0x0000003855200000)]
  0x0000018998a1c0c0 JavaThread "Monitor Deflation Thread" daemon [_thread_blocked, id=1044, stack(0x0000003855200000,0x0000003855300000)]
  0x0000018998a21310 JavaThread "C2 CompilerThread0" daemon [_thread_blocked, id=13084, stack(0x0000003855300000,0x0000003855400000)]
  0x0000018998a22d00 JavaThread "C1 CompilerThread0" daemon [_thread_blocked, id=12520, stack(0x0000003855400000,0x0000003855500000)]
  0x0000018998a2e660 JavaThread "Sweeper thread" daemon [_thread_blocked, id=17104, stack(0x0000003855500000,0x0000003855600000)]
  0x000001899cd40b10 JavaThread "Notification Thread" daemon [_thread_blocked, id=3744, stack(0x0000003855600000,0x0000003855700000)]
  0x000001899cd40fe0 JavaThread "Common-Cleaner" daemon [_thread_blocked, id=16560, stack(0x0000003855800000,0x0000003855900000)]

Other Threads:
  0x00000189989cbd20 VMThread "VM Thread" [stack: 0x0000003854c00000,0x0000003854d00000] [id=14168]
  0x000001899cd50d80 WatcherThread "VM Periodic Task Thread" [stack: 0x0000003855700000,0x0000003855800000] [id=15860]
  0x00000189faa80ae0 WorkerThread "GC Thread#0" [stack: 0x0000003854700000,0x0000003854800000] [id=5792]
  0x00000189faa89bb0 ConcurrentGCThread "G1 Main Marker" [stack: 0x0000003854800000,0x0000003854900000] [id=16152]
  0x00000189faa8a5a0 WorkerThread "G1 Conc#0" [stack: 0x0000003854900000,0x0000003854a00000] [id=636]
  0x00000189faac4c60 ConcurrentGCThread "G1 Refine#0" [stack: 0x0000003854a00000,0x0000003854b00000] [id=11052]
  0x00000189faac5570 ConcurrentGCThread "G1 Service" [stack: 0x0000003854b00000,0x0000003854c00000] [id=14160]

Threads with active compile tasks:

VM state: not at safepoint (normal execution)

VM Mutex/Monitor currently owned by a thread:  ([mutex/lock_event])
[0x00000189faa387f0] Metaspace_lock - owner thread: 0x00000189faa3f020

Heap address: 0x00000000c3000000, size: 976 MB, Compressed Oops mode: 32-bit

CDS archive(s) not mapped
Compressed class space mapped at: 0x0000000100000000-0x0000000140000000, reserved size: 1073741824
Narrow klass base: 0x0000000000000000, Narrow klass shift: 3, Narrow klass range: 0x140000000

GC Precious Log:
 CardTable entry size: 512
 Card Set container configuration: InlinePtr #cards 5 size 8 Array Of Cards #cards 12 size 40 Howl #buckets 4 coarsen threshold 1843 Howl Bitmap #cards 512 size 80 coarsen threshold 460 Card regions per heap region 1 cards per card region 2048
 CPUs: 8 total, 8 available
 Memory: 3899M
 Large Page Support: Disabled
 NUMA Support: Disabled
 Compressed Oops: Enabled (32-bit)
 Heap Region Size: 1M
 Heap Min Capacity: 8M
 Heap Initial Capacity: 62M
 Heap Max Capacity: 976M
 Pre-touch: Disabled
 Parallel Workers: 8
 Concurrent Workers: 2
 Concurrent Refinement Workers: 8
 Periodic GC: Disabled

Heap:
 garbage-first heap   total 63488K, used 1024K [0x00000000c3000000, 0x0000000100000000)
  region size 1024K, 2 young (2048K), 0 survivors (0K)
 Metaspace       used 4096K, committed 4224K, reserved 1114112K
  class space    used 318K, committed 384K, reserved 1048576K

Heap Regions: E=young(eden), S=young(survivor), O=old, HS=humongous(starts), HC=humongous(continues), CS=collection set, F=free, OA=open archive, CA=closed archive, TAMS=top-at-mark-start (previous, next)
|   0|0x00000000c3000000, 0x00000000c3000000, 0x00000000c3100000|  0%| F|  |TAMS 0x00000000c3000000, 0x00000000c3000000| Untracked 
|   1|0x00000000c3100000, 0x00000000c3100000, 0x00000000c3200000|  0%| F|  |TAMS 0x00000000c3100000, 0x00000000c3100000| Untracked 
|   2|0x00000000c3200000, 0x00000000c3200000, 0x00000000c3300000|  0%| F|  |TAMS 0x00000000c3200000, 0x00000000c3200000| Untracked 
|   3|0x00000000c3300000, 0x00000000c3300000, 0x00000000c3400000|  0%| F|  |TAMS 0x00000000c3300000, 0x00000000c3300000| Untracked 
|   4|0x00000000c3400000, 0x00000000c3400000, 0x00000000c3500000|  0%| F|  |TAMS 0x00000000c3400000, 0x00000000c3400000| Untracked 
|   5|0x00000000c3500000, 0x00000000c3500000, 0x00000000c3600000|  0%| F|  |TAMS 0x00000000c3500000, 0x00000000c3500000| Untracked 
|   6|0x00000000c3600000, 0x00000000c3600000, 0x00000000c3700000|  0%| F|  |TAMS 0x00000000c3600000, 0x00000000c3600000| Untracked 
|   7|0x00000000c3700000, 0x00000000c3700000, 0x00000000c3800000|  0%| F|  |TAMS 0x00000000c3700000, 0x00000000c3700000| Untracked 
|   8|0x00000000c3800000, 0x00000000c3800000, 0x00000000c3900000|  0%| F|  |TAMS 0x00000000c3800000, 0x00000000c3800000| Untracked 
|   9|0x00000000c3900000, 0x00000000c3900000, 0x00000000c3a00000|  0%| F|  |TAMS 0x00000000c3900000, 0x00000000c3900000| Untracked 
|  10|0x00000000c3a00000, 0x00000000c3a00000, 0x00000000c3b00000|  0%| F|  |TAMS 0x00000000c3a00000, 0x00000000c3a00000| Untracked 
|  11|0x00000000c3b00000, 0x00000000c3b00000, 0x00000000c3c00000|  0%| F|  |TAMS 0x00000000c3b00000, 0x00000000c3b00000| Untracked 
|  12|0x00000000c3c00000, 0x00000000c3c00000, 0x00000000c3d00000|  0%| F|  |TAMS 0x00000000c3c00000, 0x00000000c3c00000| Untracked 
|  13|0x00000000c3d00000, 0x00000000c3d00000, 0x00000000c3e00000|  0%| F|  |TAMS 0x00000000c3d00000, 0x00000000c3d00000| Untracked 
|  14|0x00000000c3e00000, 0x00000000c3e00000, 0x00000000c3f00000|  0%| F|  |TAMS 0x00000000c3e00000, 0x00000000c3e00000| Untracked 
|  15|0x00000000c3f00000, 0x00000000c3f00000, 0x00000000c4000000|  0%| F|  |TAMS 0x00000000c3f00000, 0x00000000c3f00000| Untracked 
|  16|0x00000000c4000000, 0x00000000c4000000, 0x00000000c4100000|  0%| F|  |TAMS 0x00000000c4000000, 0x00000000c4000000| Untracked 
|  17|0x00000000c4100000, 0x00000000c4100000, 0x00000000c4200000|  0%| F|  |TAMS 0x00000000c4100000, 0x00000000c4100000| Untracked 
|  18|0x00000000c4200000, 0x00000000c4200000, 0x00000000c4300000|  0%| F|  |TAMS 0x00000000c4200000, 0x00000000c4200000| Untracked 
|  19|0x00000000c4300000, 0x00000000c4300000, 0x00000000c4400000|  0%| F|  |TAMS 0x00000000c4300000, 0x00000000c4300000| Untracked 
|  20|0x00000000c4400000, 0x00000000c4400000, 0x00000000c4500000|  0%| F|  |TAMS 0x00000000c4400000, 0x00000000c4400000| Untracked 
|  21|0x00000000c4500000, 0x00000000c4500000, 0x00000000c4600000|  0%| F|  |TAMS 0x00000000c4500000, 0x00000000c4500000| Untracked 
|  22|0x00000000c4600000, 0x00000000c4600000, 0x00000000c4700000|  0%| F|  |TAMS 0x00000000c4600000, 0x00000000c4600000| Untracked 
|  23|0x00000000c4700000, 0x00000000c4700000, 0x00000000c4800000|  0%| F|  |TAMS 0x00000000c4700000, 0x00000000c4700000| Untracked 
|  24|0x00000000c4800000, 0x00000000c4800000, 0x00000000c4900000|  0%| F|  |TAMS 0x00000000c4800000, 0x00000000c4800000| Untracked 
|  25|0x00000000c4900000, 0x00000000c4900000, 0x00000000c4a00000|  0%| F|  |TAMS 0x00000000c4900000, 0x00000000c4900000| Untracked 
|  26|0x00000000c4a00000, 0x00000000c4a00000, 0x00000000c4b00000|  0%| F|  |TAMS 0x00000000c4a00000, 0x00000000c4a00000| Untracked 
|  27|0x00000000c4b00000, 0x00000000c4b00000, 0x00000000c4c00000|  0%| F|  |TAMS 0x00000000c4b00000, 0x00000000c4b00000| Untracked 
|  28|0x00000000c4c00000, 0x00000000c4c00000, 0x00000000c4d00000|  0%| F|  |TAMS 0x00000000c4c00000, 0x00000000c4c00000| Untracked 
|  29|0x00000000c4d00000, 0x00000000c4d00000, 0x00000000c4e00000|  0%| F|  |TAMS 0x00000000c4d00000, 0x00000000c4d00000| Untracked 
|  30|0x00000000c4e00000, 0x00000000c4e00000, 0x00000000c4f00000|  0%| F|  |TAMS 0x00000000c4e00000, 0x00000000c4e00000| Untracked 
|  31|0x00000000c4f00000, 0x00000000c4f00000, 0x00000000c5000000|  0%| F|  |TAMS 0x00000000c4f00000, 0x00000000c4f00000| Untracked 
|  32|0x00000000c5000000, 0x00000000c5000000, 0x00000000c5100000|  0%| F|  |TAMS 0x00000000c5000000, 0x00000000c5000000| Untracked 
|  33|0x00000000c5100000, 0x00000000c5100000, 0x00000000c5200000|  0%| F|  |TAMS 0x00000000c5100000, 0x00000000c5100000| Untracked 
|  34|0x00000000c5200000, 0x00000000c5200000, 0x00000000c5300000|  0%| F|  |TAMS 0x00000000c5200000, 0x00000000c5200000| Untracked 
|  35|0x00000000c5300000, 0x00000000c5300000, 0x00000000c5400000|  0%| F|  |TAMS 0x00000000c5300000, 0x00000000c5300000| Untracked 
|  36|0x00000000c5400000, 0x00000000c5400000, 0x00000000c5500000|  0%| F|  |TAMS 0x00000000c5400000, 0x00000000c5400000| Untracked 
|  37|0x00000000c5500000, 0x00000000c5500000, 0x00000000c5600000|  0%| F|  |TAMS 0x00000000c5500000, 0x00000000c5500000| Untracked 
|  38|0x00000000c5600000, 0x00000000c5600000, 0x00000000c5700000|  0%| F|  |TAMS 0x00000000c5600000, 0x00000000c5600000| Untracked 
|  39|0x00000000c5700000, 0x00000000c5700000, 0x00000000c5800000|  0%| F|  |TAMS 0x00000000c5700000, 0x00000000c5700000| Untracked 
|  40|0x00000000c5800000, 0x00000000c5800000, 0x00000000c5900000|  0%| F|  |TAMS 0x00000000c5800000, 0x00000000c5800000| Untracked 
|  41|0x00000000c5900000, 0x00000000c5900000, 0x00000000c5a00000|  0%| F|  |TAMS 0x00000000c5900000, 0x00000000c5900000| Untracked 
|  42|0x00000000c5a00000, 0x00000000c5a00000, 0x00000000c5b00000|  0%| F|  |TAMS 0x00000000c5a00000, 0x00000000c5a00000| Untracked 
|  43|0x00000000c5b00000, 0x00000000c5b00000, 0x00000000c5c00000|  0%| F|  |TAMS 0x00000000c5b00000, 0x00000000c5b00000| Untracked 
|  44|0x00000000c5c00000, 0x00000000c5c00000, 0x00000000c5d00000|  0%| F|  |TAMS 0x00000000c5c00000, 0x00000000c5c00000| Untracked 
|  45|0x00000000c5d00000, 0x00000000c5d00000, 0x00000000c5e00000|  0%| F|  |TAMS 0x00000000c5d00000, 0x00000000c5d00000| Untracked 
|  46|0x00000000c5e00000, 0x00000000c5e00000, 0x00000000c5f00000|  0%| F|  |TAMS 0x00000000c5e00000, 0x00000000c5e00000| Untracked 
|  47|0x00000000c5f00000, 0x00000000c5f00000, 0x00000000c6000000|  0%| F|  |TAMS 0x00000000c5f00000, 0x00000000c5f00000| Untracked 
|  48|0x00000000c6000000, 0x00000000c6000000, 0x00000000c6100000|  0%| F|  |TAMS 0x00000000c6000000, 0x00000000c6000000| Untracked 
|  49|0x00000000c6100000, 0x00000000c6100000, 0x00000000c6200000|  0%| F|  |TAMS 0x00000000c6100000, 0x00000000c6100000| Untracked 
|  50|0x00000000c6200000, 0x00000000c6200000, 0x00000000c6300000|  0%| F|  |TAMS 0x00000000c6200000, 0x00000000c6200000| Untracked 
|  51|0x00000000c6300000, 0x00000000c6300000, 0x00000000c6400000|  0%| F|  |TAMS 0x00000000c6300000, 0x00000000c6300000| Untracked 
|  52|0x00000000c6400000, 0x00000000c6400000, 0x00000000c6500000|  0%| F|  |TAMS 0x00000000c6400000, 0x00000000c6400000| Untracked 
|  53|0x00000000c6500000, 0x00000000c6500000, 0x00000000c6600000|  0%| F|  |TAMS 0x00000000c6500000, 0x00000000c6500000| Untracked 
|  54|0x00000000c6600000, 0x00000000c6600000, 0x00000000c6700000|  0%| F|  |TAMS 0x00000000c6600000, 0x00000000c6600000| Untracked 
|  55|0x00000000c6700000, 0x00000000c6700000, 0x00000000c6800000|  0%| F|  |TAMS 0x00000000c6700000, 0x00000000c6700000| Untracked 
|  56|0x00000000c6800000, 0x00000000c6800000, 0x00000000c6900000|  0%| F|  |TAMS 0x00000000c6800000, 0x00000000c6800000| Untracked 
|  57|0x00000000c6900000, 0x00000000c6900000, 0x00000000c6a00000|  0%| F|  |TAMS 0x00000000c6900000, 0x00000000c6900000| Untracked 
|  58|0x00000000c6a00000, 0x00000000c6a00000, 0x00000000c6b00000|  0%| F|  |TAMS 0x00000000c6a00000, 0x00000000c6a00000| Untracked 
|  59|0x00000000c6b00000, 0x00000000c6b00000, 0x00000000c6c00000|  0%| F|  |TAMS 0x00000000c6b00000, 0x00000000c6b00000| Untracked 
|  60|0x00000000c6c00000, 0x00000000c6c76438, 0x00000000c6d00000| 46%| E|  |TAMS 0x00000000c6c00000, 0x00000000c6c00000| Complete 
|  61|0x00000000c6d00000, 0x00000000c6e00000, 0x00000000c6e00000|100%| E|CS|TAMS 0x00000000c6d00000, 0x00000000c6d00000| Complete 

Card table byte_map: [0x00000189fcf70000,0x00000189fd160000] _byte_map_base: 0x00000189fc958000

Marking Bits (Prev, Next): (CMBitMap*) 0x00000189faa810e0, (CMBitMap*) 0x00000189faa81120
 Prev Bits: [0x00000189fd350000, 0x00000189fe290000)
 Next Bits: [0x00000189fe290000, 0x00000189ff1d0000)

Polling page: 0x00000189fab10000

Metaspace:

Usage:
  Non-class:      3.69 MB used.
      Class:    318.47 KB used.
       Both:      4.00 MB used.

Virtual space:
  Non-class space:       64.00 MB reserved,       3.75 MB (  6%) committed,  1 nodes.
      Class space:        1.00 GB reserved,     384.00 KB ( <1%) committed,  1 nodes.
             Both:        1.06 GB reserved,       4.12 MB ( <1%) committed. 

Chunk freelists:
   Non-Class:  4.00 MB
       Class:  3.62 MB
        Both:  7.62 MB

MaxMetaspaceSize: unlimited
CompressedClassSpaceSize: 1.00 GB
Initial GC threshold: 21.00 MB
Current GC threshold: 21.00 MB
CDS: off
MetaspaceReclaimPolicy: balanced
 - commit_granule_bytes: 65536.
 - commit_granule_words: 8192.
 - virtual_space_node_default_size: 8388608.
 - enlarge_chunks_in_place: 1.
 - new_chunks_are_fully_committed: 0.
 - uncommit_free_chunks: 1.
 - use_allocation_guard: 0.


Internal statistics:

num_allocs_failed_limit: 0.
num_arena_births: 4.
num_arena_deaths: 0.
num_vsnodes_births: 2.
num_vsnodes_deaths: 0.
num_space_committed: 66.
num_space_uncommitted: 0.
num_chunks_returned_to_freelist: 0.
num_chunks_taken_from_freelist: 6.
num_chunk_merges: 0.
num_chunk_splits: 2.
num_chunks_enlarged: 0.
num_inconsistent_stats: 0.

CodeHeap 'non-profiled nmethods': size=120000Kb used=13Kb max_used=13Kb free=119986Kb
 bounds [0x000001898f340000, 0x000001898f5b0000, 0x0000018996870000]
CodeHeap 'profiled nmethods': size=120000Kb used=83Kb max_used=83Kb free=119916Kb
 bounds [0x0000018987e10000, 0x0000018988080000, 0x000001898f340000]
CodeHeap 'non-nmethods': size=5760Kb used=1047Kb max_used=1051Kb free=4712Kb
 bounds [0x0000018987870000, 0x0000018987ae0000, 0x0000018987e10000]
 total_blobs=358 nmethods=66 adapters=205
 compilation: enabled
              stopped_count=0, restarted_count=0
 full_count=0

Compilation events (20 events):
Event: 0.205 Thread 0x0000018998a22d00   58       1       java.lang.module.ModuleDescriptor::isAutomatic (5 bytes)
Event: 0.205 Thread 0x0000018998a22d00 nmethod 58 0x000001898f342690 code [0x000001898f342820, 0x000001898f3428f8]
Event: 0.205 Thread 0x0000018998a22d00   50       1       java.lang.module.ResolvedModule::reference (5 bytes)
Event: 0.205 Thread 0x0000018998a22d00 nmethod 50 0x000001898f342990 code [0x000001898f342b20, 0x000001898f342bf8]
Event: 0.205 Thread 0x0000018998a22d00   59       1       java.lang.module.ResolvedModule::configuration (5 bytes)
Event: 0.205 Thread 0x0000018998a22d00 nmethod 59 0x000001898f342c90 code [0x000001898f342e20, 0x000001898f342ef8]
Event: 0.205 Thread 0x0000018998a22d00   60       1       java.lang.module.ModuleDescriptor$Exports::targets (5 bytes)
Event: 0.206 Thread 0x0000018998a22d00 nmethod 60 0x000001898f342f90 code [0x000001898f343120, 0x000001898f3431f8]
Event: 0.206 Thread 0x0000018998a22d00   61       1       java.util.ImmutableCollections$Set12::isEmpty (2 bytes)
Event: 0.206 Thread 0x0000018998a22d00 nmethod 61 0x000001898f343290 code [0x000001898f343420, 0x000001898f3434f8]
Event: 0.206 Thread 0x0000018998a22d00   62       3       java.util.ImmutableCollections$Set12$1::next (95 bytes)
Event: 0.206 Thread 0x0000018998a22d00 nmethod 62 0x0000018987e23990 code [0x0000018987e23b60, 0x0000018987e23e48]
Event: 0.214 Thread 0x0000018998a22d00   63       3       java.lang.AbstractStringBuilder::ensureCapacityInternal (39 bytes)
Event: 0.214 Thread 0x0000018998a22d00 nmethod 63 0x0000018987e23f90 code [0x0000018987e24140, 0x0000018987e24378]
Event: 0.214 Thread 0x0000018998a22d00   64       3       java.lang.StringLatin1::canEncode (13 bytes)
Event: 0.214 Thread 0x0000018998a22d00 nmethod 64 0x0000018987e24490 code [0x0000018987e24620, 0x0000018987e24778]
Event: 0.214 Thread 0x0000018998a22d00   65       3       java.lang.AbstractStringBuilder::isLatin1 (19 bytes)
Event: 0.214 Thread 0x0000018998a22d00 nmethod 65 0x0000018987e24810 code [0x0000018987e249a0, 0x0000018987e24b18]
Event: 0.215 Thread 0x0000018998a22d00   66       3       java.lang.String::isEmpty (14 bytes)
Event: 0.215 Thread 0x0000018998a22d00 nmethod 66 0x0000018987e24b90 code [0x0000018987e24d20, 0x0000018987e24e98]

GC Heap History (0 events):
No events

Deoptimization events (0 events):
No events

Classes loaded (20 events):
Event: 0.222 Loading class java/util/Scanner done
Event: 0.222 Loading class java/util/regex/Pattern
Event: 0.223 Loading class java/util/regex/Pattern done
Event: 0.223 Loading class java/util/regex/Pattern$Node
Event: 0.223 Loading class java/util/regex/Pattern$Node done
Event: 0.223 Loading class java/util/regex/Pattern$LastNode
Event: 0.223 Loading class java/util/regex/Pattern$LastNode done
Event: 0.223 Loading class java/util/regex/Pattern$GroupHead
Event: 0.223 Loading class java/util/regex/Pattern$GroupHead done
Event: 0.223 Loading class java/util/regex/CharPredicates
Event: 0.224 Loading class java/util/regex/CharPredicates done
Event: 0.224 Loading class java/lang/invoke/LambdaMetafactory
Event: 0.224 Loading class java/lang/invoke/LambdaMetafactory done
Event: 0.224 Loading class java/lang/invoke/MethodType$ConcurrentWeakInternSet
Event: 0.224 Loading class java/lang/invoke/MethodType$ConcurrentWeakInternSet done
Event: 0.224 Loading class java/lang/invoke/MethodTypeForm
Event: 0.225 Loading class java/lang/invoke/MethodTypeForm done
Event: 0.225 Loading class java/lang/invoke/MethodType$ConcurrentWeakInternSet$WeakEntry
Event: 0.225 Loading class java/lang/invoke/MethodType$ConcurrentWeakInternSet$WeakEntry done
Event: 0.225 Loading class sun/invoke/util/Wrapper

Classes unloaded (0 events):
No events

Classes redefined (0 events):
No events

Internal exceptions (0 events):
No events

VM Operations (0 events):
No events

Events (14 events):
Event: 0.020 Loaded shared library C:\Program Files\Java\jdk-18.0.2\bin\java.dll
Event: 0.111 Loaded shared library C:\Program Files\Java\jdk-18.0.2\bin\jsvml.dll
Event: 0.111 Thread 0x00000189faa3f020 Thread added: 0x00000189faa3f020
Event: 0.126 Thread 0x00000189989e2290 Thread added: 0x00000189989e2290
Event: 0.127 Thread 0x00000189989e3910 Thread added: 0x00000189989e3910
Event: 0.166 Thread 0x0000018998a18300 Thread added: 0x0000018998a18300
Event: 0.166 Thread 0x0000018998a19bc0 Thread added: 0x0000018998a19bc0
Event: 0.166 Thread 0x0000018998a1ae40 Thread added: 0x0000018998a1ae40
Event: 0.166 Thread 0x0000018998a1c0c0 Thread added: 0x0000018998a1c0c0
Event: 0.166 Thread 0x0000018998a21310 Thread added: 0x0000018998a21310
Event: 0.166 Thread 0x0000018998a22d00 Thread added: 0x0000018998a22d00
Event: 0.166 Thread 0x0000018998a2e660 Thread added: 0x0000018998a2e660
Event: 0.208 Thread 0x000001899cd40b10 Thread added: 0x000001899cd40b10
Event: 0.218 Thread 0x000001899cd40fe0 Thread added: 0x000001899cd40fe0


Dynamic libraries:
0x00007ff772ba0000 - 0x00007ff772bb0000 	C:\Program Files\Java\jdk-18.0.2\bin\javaw.exe
0x00007fff8c710000 - 0x00007fff8c908000 	C:\WINDOWS\SYSTEM32\ntdll.dll
0x00007fff8a760000 - 0x00007fff8a81f000 	C:\WINDOWS\System32\KERNEL32.DLL
0x00007fff8a2c0000 - 0x00007fff8a592000 	C:\WINDOWS\System32\KERNELBASE.dll
0x00007fff8a130000 - 0x00007fff8a230000 	C:\WINDOWS\System32\ucrtbase.dll
0x00007fff89980000 - 0x00007fff8999a000 	C:\Program Files\Java\jdk-18.0.2\bin\VCRUNTIME140.dll
0x00007fff89960000 - 0x00007fff89978000 	C:\Program Files\Java\jdk-18.0.2\bin\jli.dll
0x00007fff8c4b0000 - 0x00007fff8c55e000 	C:\WINDOWS\System32\ADVAPI32.dll
0x00007fff8a940000 - 0x00007fff8a9de000 	C:\WINDOWS\System32\msvcrt.dll
0x00007fff8b4b0000 - 0x00007fff8b54c000 	C:\WINDOWS\System32\sechost.dll
0x00007fff8b370000 - 0x00007fff8b495000 	C:\WINDOWS\System32\RPCRT4.dll
0x00007fff8c290000 - 0x00007fff8c431000 	C:\WINDOWS\System32\USER32.dll
0x00007fff89ed0000 - 0x00007fff89ef2000 	C:\WINDOWS\System32\win32u.dll
0x00007fff891a0000 - 0x00007fff8943a000 	C:\WINDOWS\WinSxS\amd64_microsoft.windows.common-controls_6595b64144ccf1df_6.0.19041.1110_none_60b5254171f9507e\COMCTL32.dll
0x00007fff8bd90000 - 0x00007fff8bdbb000 	C:\WINDOWS\System32\GDI32.dll
0x00007fff8a650000 - 0x00007fff8a75f000 	C:\WINDOWS\System32\gdi32full.dll
0x00007fff89f00000 - 0x00007fff89f9d000 	C:\WINDOWS\System32\msvcp_win.dll
0x00007fff83950000 - 0x00007fff8395a000 	C:\WINDOWS\SYSTEM32\VERSION.dll
0x00007fff8b340000 - 0x00007fff8b370000 	C:\WINDOWS\System32\IMM32.DLL
0x00007fff852c0000 - 0x00007fff852cc000 	C:\Program Files\Java\jdk-18.0.2\bin\vcruntime140_1.dll
0x00007fff57520000 - 0x00007fff575ad000 	C:\Program Files\Java\jdk-18.0.2\bin\msvcp140.dll
0x00007fff44b30000 - 0x00007fff45741000 	C:\Program Files\Java\jdk-18.0.2\bin\server\jvm.dll
0x00007fff8b550000 - 0x00007fff8b558000 	C:\WINDOWS\System32\PSAPI.DLL
0x00007fff89940000 - 0x00007fff89949000 	C:\WINDOWS\SYSTEM32\WSOCK32.dll
0x00007fff8c440000 - 0x00007fff8c4ab000 	C:\WINDOWS\System32\WS2_32.dll
0x00007fff6e310000 - 0x00007fff6e337000 	C:\WINDOWS\SYSTEM32\WINMM.dll
0x00007fff87ff0000 - 0x00007fff88002000 	C:\WINDOWS\SYSTEM32\kernel.appcore.dll
0x00007fff85290000 - 0x00007fff8529a000 	C:\Program Files\Java\jdk-18.0.2\bin\jimage.dll
0x00007fff89730000 - 0x00007fff89914000 	C:\WINDOWS\SYSTEM32\DBGHELP.DLL
0x00007fff896f0000 - 0x00007fff89725000 	C:\WINDOWS\SYSTEM32\dbgcore.DLL
0x00007fff8a230000 - 0x00007fff8a2b2000 	C:\WINDOWS\System32\bcryptPrimitives.dll
0x00007fff6a760000 - 0x00007fff6a785000 	C:\Program Files\Java\jdk-18.0.2\bin\java.dll
0x00007fff57900000 - 0x00007fff579d6000 	C:\Program Files\Java\jdk-18.0.2\bin\jsvml.dll
0x00007fff8b640000 - 0x00007fff8bd85000 	C:\WINDOWS\System32\SHELL32.dll
0x00007fff87840000 - 0x00007fff87fd2000 	C:\WINDOWS\SYSTEM32\windows.storage.dll
0x00007fff8bed0000 - 0x00007fff8c225000 	C:\WINDOWS\System32\combase.dll
0x00007fff89100000 - 0x00007fff89130000 	C:\WINDOWS\SYSTEM32\Wldp.dll
0x00007fff8b080000 - 0x00007fff8b12d000 	C:\WINDOWS\System32\SHCORE.dll
0x00007fff8bdc0000 - 0x00007fff8be15000 	C:\WINDOWS\System32\shlwapi.dll
0x00007fff89d50000 - 0x00007fff89d6f000 	C:\WINDOWS\SYSTEM32\profapi.dll

dbghelp: loaded successfully - version: 4.0.5 - missing functions: none
symbol engine: initialized successfully - sym options: 0x614 - pdb path: .;C:\Program Files\Java\jdk-18.0.2\bin;C:\WINDOWS\SYSTEM32;C:\WINDOWS\WinSxS\amd64_microsoft.windows.common-controls_6595b64144ccf1df_6.0.19041.1110_none_60b5254171f9507e;C:\Program Files\Java\jdk-18.0.2\bin\server

VM Arguments:
jvm_args: -Dfile.encoding=UTF-8 -XX:+ShowCodeDetailsInExceptionMessages 
java_command: NumberPattern.Num2
java_class_path (initial): C:\Users\HP\Projects\Java projects\JavaPatternProgram\bin
Launcher Type: SUN_STANDARD

[Global flags]
     intx CICompilerCount                          = 4                                         {product} {ergonomic}
     uint ConcGCThreads                            = 2                                         {product} {ergonomic}
     uint G1ConcRefinementThreads                  = 8                                         {product} {ergonomic}
   size_t G1HeapRegionSize                         = 1048576                                   {product} {ergonomic}
    uintx GCDrainStackTargetSize                   = 64                                        {product} {ergonomic}
   size_t InitialHeapSize                          = 65011712                                  {product} {ergonomic}
   size_t MarkStackSize                            = 4194304                                   {product} {ergonomic}
   size_t MaxHeapSize                              = 1023410176                                {product} {ergonomic}
   size_t MaxNewSize                               = 613416960                                 {product} {ergonomic}
   size_t MinHeapDeltaBytes                        = 1048576                                   {product} {ergonomic}
   size_t MinHeapSize                              = 8388608                                   {product} {ergonomic}
    uintx NonNMethodCodeHeapSize                   = 5839372                                {pd product} {ergonomic}
    uintx NonProfiledCodeHeapSize                  = 122909434                              {pd product} {ergonomic}
    uintx ProfiledCodeHeapSize                     = 122909434                              {pd product} {ergonomic}
    uintx ReservedCodeCacheSize                    = 251658240                              {pd product} {ergonomic}
     bool SegmentedCodeCache                       = true                                      {product} {ergonomic}
     bool ShowCodeDetailsInExceptionMessages       = true                                   {manageable} {command line}
   size_t SoftMaxHeapSize                          = 1023410176                             {manageable} {ergonomic}
     bool UseCompressedClassPointers               = true                           {product lp64_product} {ergonomic}
     bool UseCompressedOops                        = true                           {product lp64_product} {ergonomic}
     bool UseG1GC                                  = true                                      {product} {ergonomic}
     bool UseLargePagesIndividualAllocation        = false                                  {pd product} {ergonomic}

Logging:
Log output configuration:
 #0: stdout all=warning uptime,level,tags foldmultilines=false
 #1: stderr all=off uptime,level,tags foldmultilines=false

Environment Variables:
JAVA_HOME=C:\Program Files\Java\jdk-18.0.2
PATH=C:/Program Files/Java/jdk-18.0.2/bin/server;C:/Program Files/Java/jdk-18.0.2/bin;G:\oracle\product\10.2.0\db_1\bin;C:\Program Files\Java\jdk-18.0.2;C:\WINDOWS\system32;C:\WINDOWS;C:\WINDOWS\System32\Wbem;C:\WINDOWS\System32\WindowsPowerShell\v1.0\;C:\WINDOWS\System32\OpenSSH\;C:\MinGW\;C:\Program Files\Java\jdk-18.0.2\bin;C:\Program Files\nodejs\;C:\Users\HP\AppData\Local\Microsoft\WindowsApps;C:\Users\HP\Desktop\mingw32\bin;C:\MinGW\bin;C:\Program Files\Java\jdk-18.0.2\bin;C:\MinGW\bin;C:\Users\HP\AppData\Local\Programs\Microsoft VS Code\bin;C:\Users\HP\AppData\Roaming\npm;C:\Users\HP\Desktop;
USERNAME=HP
OS=Windows_NT
PROCESSOR_IDENTIFIER=Intel64 Family 6 Model 142 Stepping 12, GenuineIntel



---------------  S Y S T E M  ---------------

OS:
 Windows 10 , 64 bit Build 19041 (10.0.19041.2546)
OS uptime: 0 days 6:13 hours

CPU: total 8 (initial active 8) (4 cores per cpu, 2 threads per core) family 6 model 142 stepping 12 microcode 0xde, cx8, cmov, fxsr, ht, mmx, 3dnowpref, sse, sse2, sse3, ssse3, sse4.1, sse4.2, popcnt, lzcnt, tsc, tscinvbit, avx, avx2, aes, erms, clmul, bmi1, bmi2, adx, fma, vzeroupper, clflush, clflushopt

Memory: 4k page, system-wide physical 3899M (430M free)
TotalPageFile size 5947M (AvailPageFile size 4M)
current process WorkingSet (physical memory assigned to process): 26M, peak: 26M
current process commit charge ("private bytes"): 133M, peak: 136M

vm_info: Java HotSpot(TM) 64-Bit Server VM (18.0.2+9-61) for windows-amd64 JRE (18.0.2+9-61), built on Jun  7 2022 13:09:01 by "mach5one" with MS VC++ 16.8 / 16.9 (VS2019)

END.
